[1.400s] DEBUG:colcon:Command line arguments: ['/usr/bin/colcon', 'build', '--symlink-install', '--packages-select', 'orbslam3']
[1.401s] DEBUG:colcon:Parsed command line arguments: Namespace(log_base=None, log_level=None, verb_name='build', build_base='build', install_base='install', merge_install=False, symlink_install=True, test_result_base=None, continue_on_error=False, executor='parallel', parallel_workers=8, event_handlers=None, ignore_user_meta=False, metas=['./colcon.meta'], base_paths=['.'], packages_ignore=None, packages_ignore_regex=None, paths=None, packages_up_to=None, packages_up_to_regex=None, packages_above=None, packages_above_and_dependencies=None, packages_above_depth=None, packages_select_by_dep=None, packages_skip_by_dep=None, packages_skip_up_to=None, packages_select_build_failed=False, packages_skip_build_finished=False, packages_select_test_failures=False, packages_skip_test_passed=False, packages_select=['orbslam3'], packages_skip=None, packages_select_regex=None, packages_skip_regex=None, packages_start=None, packages_end=None, allow_overriding=[], cmake_args=None, cmake_target=None, cmake_target_skip_unavailable=False, cmake_clean_cache=False, cmake_clean_first=False, cmake_force_configure=False, ament_cmake_args=None, catkin_cmake_args=None, catkin_skip_building_tests=False, verb_parser=<colcon_defaults.argument_parser.defaults.DefaultArgumentsDecorator object at 0x7f581cfe9930>, verb_extension=<colcon_core.verb.build.BuildVerb object at 0x7f581cfe93c0>, main=<bound method BuildVerb.main of <colcon_core.verb.build.BuildVerb object at 0x7f581cfe93c0>>)
[1.555s] Level 1:colcon.colcon_core.package_discovery:discover_packages(colcon_meta) check parameters
[1.555s] Level 1:colcon.colcon_core.package_discovery:discover_packages(recursive) check parameters
[1.555s] Level 1:colcon.colcon_core.package_discovery:discover_packages(ignore) check parameters
[1.555s] Level 1:colcon.colcon_core.package_discovery:discover_packages(path) check parameters
[1.555s] Level 1:colcon.colcon_core.package_discovery:discover_packages(colcon_meta) discover
[1.556s] Level 1:colcon.colcon_core.package_discovery:discover_packages(recursive) discover
[1.556s] INFO:colcon.colcon_core.package_discovery:Crawling recursively for packages in '/home/bojan/orb_slam3_ros2'
[1.556s] Level 1:colcon.colcon_core.package_identification:_identify(.) by extensions ['ignore', 'ignore_ament_install']
[1.556s] Level 1:colcon.colcon_core.package_identification:_identify(.) by extension 'ignore'
[1.556s] Level 1:colcon.colcon_core.package_identification:_identify(.) by extension 'ignore_ament_install'
[1.557s] Level 1:colcon.colcon_core.package_identification:_identify(.) by extensions ['colcon_pkg']
[1.557s] Level 1:colcon.colcon_core.package_identification:_identify(.) by extension 'colcon_pkg'
[1.557s] Level 1:colcon.colcon_core.package_identification:_identify(.) by extensions ['colcon_meta']
[1.557s] Level 1:colcon.colcon_core.package_identification:_identify(.) by extension 'colcon_meta'
[1.557s] Level 1:colcon.colcon_core.package_identification:_identify(.) by extensions ['ros']
[1.557s] Level 1:colcon.colcon_core.package_identification:_identify(.) by extension 'ros'
[1.638s] DEBUG:colcon.colcon_core.package_identification:Package '.' with type 'ros.ament_cmake' and name 'orbslam3'
[1.638s] Level 1:colcon.colcon_core.package_discovery:discover_packages(recursive) using defaults
[1.638s] Level 1:colcon.colcon_core.package_discovery:discover_packages(ignore) discover
[1.638s] Level 1:colcon.colcon_core.package_discovery:discover_packages(ignore) using defaults
[1.638s] Level 1:colcon.colcon_core.package_discovery:discover_packages(path) discover
[1.638s] Level 1:colcon.colcon_core.package_discovery:discover_packages(path) using defaults
[1.704s] Level 1:colcon.colcon_core.package_discovery:discover_packages(prefix_path) check parameters
[1.704s] Level 1:colcon.colcon_core.package_discovery:discover_packages(prefix_path) discover
[1.713s] DEBUG:colcon.colcon_installed_package_information.package_discovery:Found 1 installed packages in /home/bojan/orb_slam3_ros2/install
[1.716s] DEBUG:colcon.colcon_installed_package_information.package_discovery:Found 305 installed packages in /opt/ros/humble
[1.719s] Level 1:colcon.colcon_core.package_discovery:discover_packages(prefix_path) using defaults
[1.853s] Level 5:colcon.colcon_core.verb:set package 'orbslam3' build argument 'cmake_args' from command line to 'None'
[1.853s] Level 5:colcon.colcon_core.verb:set package 'orbslam3' build argument 'cmake_target' from command line to 'None'
[1.854s] Level 5:colcon.colcon_core.verb:set package 'orbslam3' build argument 'cmake_target_skip_unavailable' from command line to 'False'
[1.854s] Level 5:colcon.colcon_core.verb:set package 'orbslam3' build argument 'cmake_clean_cache' from command line to 'False'
[1.854s] Level 5:colcon.colcon_core.verb:set package 'orbslam3' build argument 'cmake_clean_first' from command line to 'False'
[1.854s] Level 5:colcon.colcon_core.verb:set package 'orbslam3' build argument 'cmake_force_configure' from command line to 'False'
[1.854s] Level 5:colcon.colcon_core.verb:set package 'orbslam3' build argument 'ament_cmake_args' from command line to 'None'
[1.854s] Level 5:colcon.colcon_core.verb:set package 'orbslam3' build argument 'catkin_cmake_args' from command line to 'None'
[1.854s] Level 5:colcon.colcon_core.verb:set package 'orbslam3' build argument 'catkin_skip_building_tests' from command line to 'False'
[1.854s] DEBUG:colcon.colcon_core.verb:Building package 'orbslam3' with the following arguments: {'ament_cmake_args': None, 'build_base': '/home/bojan/orb_slam3_ros2/build/orbslam3', 'catkin_cmake_args': None, 'catkin_skip_building_tests': False, 'cmake_args': None, 'cmake_clean_cache': False, 'cmake_clean_first': False, 'cmake_force_configure': False, 'cmake_target': None, 'cmake_target_skip_unavailable': False, 'install_base': '/home/bojan/orb_slam3_ros2/install/orbslam3', 'merge_install': False, 'path': '/home/bojan/orb_slam3_ros2', 'symlink_install': True, 'test_result_base': None}
[1.855s] INFO:colcon.colcon_core.executor:Executing jobs using 'parallel' executor
[1.861s] DEBUG:colcon.colcon_parallel_executor.executor.parallel:run_until_complete
[1.862s] INFO:colcon.colcon_ros.task.ament_cmake.build:Building ROS package in '/home/bojan/orb_slam3_ros2' with build type 'ament_cmake'
[1.862s] INFO:colcon.colcon_cmake.task.cmake.build:Building CMake package in '/home/bojan/orb_slam3_ros2'
[1.905s] INFO:colcon.colcon_core.plugin_system:Skipping extension 'colcon_core.shell.bat': Not used on non-Windows systems
[1.906s] INFO:colcon.colcon_core.shell:Skip shell extension 'powershell' for command environment: Not usable outside of PowerShell
[1.906s] DEBUG:colcon.colcon_core.shell:Skip shell extension 'dsv' for command environment
[1.925s] DEBUG:colcon.colcon_core.event_handler.log_command:Invoking command in '/home/bojan/orb_slam3_ros2/build/orbslam3': CMAKE_PREFIX_PATH=/opt/ros/humble /usr/bin/cmake /home/bojan/orb_slam3_ros2 -DAMENT_CMAKE_SYMLINK_INSTALL=1 -DCMAKE_INSTALL_PREFIX=/home/bojan/orb_slam3_ros2/install/orbslam3
[5.209s] DEBUG:colcon.colcon_core.event_handler.log_command:Invoked command in '/home/bojan/orb_slam3_ros2/build/orbslam3' returned '1': CMAKE_PREFIX_PATH=/opt/ros/humble /usr/bin/cmake /home/bojan/orb_slam3_ros2 -DAMENT_CMAKE_SYMLINK_INSTALL=1 -DCMAKE_INSTALL_PREFIX=/home/bojan/orb_slam3_ros2/install/orbslam3
[5.233s] Level 1:colcon.colcon_core.environment:create_environment_scripts_only(orbslam3)
[5.255s] Level 1:colcon.colcon_core.environment:checking '/home/bojan/orb_slam3_ros2/install/orbslam3' for CMake module files
[5.256s] Level 1:colcon.colcon_core.environment:checking '/home/bojan/orb_slam3_ros2/install/orbslam3' for CMake config files
[5.257s] Level 1:colcon.colcon_core.environment:checking '/home/bojan/orb_slam3_ros2/install/orbslam3/bin'
[5.257s] Level 1:colcon.colcon_core.environment:checking '/home/bojan/orb_slam3_ros2/install/orbslam3/lib/pkgconfig/orbslam3.pc'
[5.257s] Level 1:colcon.colcon_core.environment:checking '/home/bojan/orb_slam3_ros2/install/orbslam3/lib/python3.10/site-packages'
[5.258s] Level 1:colcon.colcon_core.environment:checking '/home/bojan/orb_slam3_ros2/install/orbslam3/bin'
[5.260s] INFO:colcon.colcon_core.shell:Creating package script '/home/bojan/orb_slam3_ros2/install/orbslam3/share/orbslam3/package.ps1'
[5.262s] INFO:colcon.colcon_core.shell:Creating package descriptor '/home/bojan/orb_slam3_ros2/install/orbslam3/share/orbslam3/package.dsv'
[5.263s] INFO:colcon.colcon_core.shell:Creating package script '/home/bojan/orb_slam3_ros2/install/orbslam3/share/orbslam3/package.sh'
[5.264s] INFO:colcon.colcon_core.shell:Creating package script '/home/bojan/orb_slam3_ros2/install/orbslam3/share/orbslam3/package.bash'
[5.266s] INFO:colcon.colcon_core.shell:Creating package script '/home/bojan/orb_slam3_ros2/install/orbslam3/share/orbslam3/package.zsh'
[5.269s] Level 1:colcon.colcon_core.environment:create_file_with_runtime_dependencies(/home/bojan/orb_slam3_ros2/install/orbslam3/share/colcon-core/packages/orbslam3)
[5.280s] DEBUG:colcon.colcon_parallel_executor.executor.parallel:closing loop
[5.280s] DEBUG:colcon.colcon_parallel_executor.executor.parallel:loop closed
[5.280s] DEBUG:colcon.colcon_parallel_executor.executor.parallel:run_until_complete finished with '1'
[5.280s] DEBUG:colcon.colcon_core.event_reactor:joining thread
[5.291s] INFO:colcon.colcon_core.plugin_system:Skipping extension 'colcon_notification.desktop_notification.terminal_notifier': Not used on non-Darwin systems
[5.291s] INFO:colcon.colcon_core.plugin_system:Skipping extension 'colcon_notification.desktop_notification.win32': Not used on non-Windows systems
[5.291s] INFO:colcon.colcon_notification.desktop_notification:Sending desktop notification using 'notify2'
[5.327s] DEBUG:colcon.colcon_core.event_reactor:joined thread
[5.330s] INFO:colcon.colcon_core.shell:Creating prefix script '/home/bojan/orb_slam3_ros2/install/local_setup.ps1'
[5.333s] INFO:colcon.colcon_core.shell:Creating prefix util module '/home/bojan/orb_slam3_ros2/install/_local_setup_util_ps1.py'
[5.336s] INFO:colcon.colcon_core.shell:Creating prefix chain script '/home/bojan/orb_slam3_ros2/install/setup.ps1'
[5.341s] INFO:colcon.colcon_core.shell:Creating prefix script '/home/bojan/orb_slam3_ros2/install/local_setup.sh'
[5.342s] INFO:colcon.colcon_core.shell:Creating prefix util module '/home/bojan/orb_slam3_ros2/install/_local_setup_util_sh.py'
[5.343s] INFO:colcon.colcon_core.shell:Creating prefix chain script '/home/bojan/orb_slam3_ros2/install/setup.sh'
[5.347s] INFO:colcon.colcon_core.shell:Creating prefix script '/home/bojan/orb_slam3_ros2/install/local_setup.bash'
[5.348s] INFO:colcon.colcon_core.shell:Creating prefix chain script '/home/bojan/orb_slam3_ros2/install/setup.bash'
[5.351s] INFO:colcon.colcon_core.shell:Creating prefix script '/home/bojan/orb_slam3_ros2/install/local_setup.zsh'
[5.355s] INFO:colcon.colcon_core.shell:Creating prefix chain script '/home/bojan/orb_slam3_ros2/install/setup.zsh'
