[0.061s] Invoking command in '/home/bojan/orb_slam3_ros2/build/orbslam3': CMAKE_PREFIX_PATH=/opt/ros/humble /usr/bin/cmake /home/bojan/orb_slam3_ros2 -DAMENT_CMAKE_SYMLINK_INSTALL=1 -DCMAKE_INSTALL_PREFIX=/home/bojan/orb_slam3_ros2/install/orbslam3
[0.217s] -- Found ament_cmake: 1.3.5 (/opt/ros/humble/share/ament_cmake/cmake)
[0.374s] -- Found Python3: /usr/bin/python3.10 (found version "3.10.12") found components: Interpreter 
[0.529s] -- Override CMake install command with custom implementation using symlinks instead of copying resources
[0.563s] -- Found rclcpp: 16.0.5 (/opt/ros/humble/share/rclcpp/cmake)
[0.712s] -- Found rosidl_generator_c: 3.1.5 (/opt/ros/humble/share/rosidl_generator_c/cmake)
[0.734s] -- Found rosidl_adapter: 3.1.5 (/opt/ros/humble/share/rosidl_adapter/cmake)
[0.812s] -- Found rosidl_generator_cpp: 3.1.5 (/opt/ros/humble/share/rosidl_generator_cpp/cmake)
[0.847s] -- Using all available rosidl_typesupport_c: rosidl_typesupport_fastrtps_c;rosidl_typesupport_introspection_c
[0.888s] -- Using all available rosidl_typesupport_cpp: rosidl_typesupport_fastrtps_cpp;rosidl_typesupport_introspection_cpp
[1.073s] -- Found rmw_implementation_cmake: 6.1.1 (/opt/ros/humble/share/rmw_implementation_cmake/cmake)
[1.078s] -- Found rmw_fastrtps_cpp: 6.2.3 (/opt/ros/humble/share/rmw_fastrtps_cpp/cmake)
[1.394s] -- Using RMW implementation 'rmw_fastrtps_cpp' as default
[1.866s] -- Found sensor_msgs: 4.2.3 (/opt/ros/humble/share/sensor_msgs/cmake)
[2.155s] -- Found nav_msgs: 4.2.3 (/opt/ros/humble/share/nav_msgs/cmake)
[2.347s] -- Found tf2_ros: 0.25.3 (/opt/ros/humble/share/tf2_ros/cmake)
[3.204s] -- Found tf2_geometry_msgs: 0.25.3 (/opt/ros/humble/share/tf2_geometry_msgs/cmake)
[3.238s] -- Found eigen3_cmake_module: 0.1.1 (/opt/ros/humble/share/eigen3_cmake_module/cmake)
[3.242s] -- Found Eigen3: TRUE (found version "3.4.0") 
[3.242s] -- Ensuring Eigen3 include directory is part of orocos-kdl CMake target
[3.261s] -- Found cv_bridge: 3.2.1 (/opt/ros/humble/share/cv_bridge/cmake)
[3.296s] -- Found Eigen3: TRUE (found suitable version "3.4.0", minimum required is "3.4.0") 
[3.304s] -- Found Eigen3: TRUE (found version "3.4.0") 
[3.332s] [31mCMake Error at /usr/share/cmake-3.22/Modules/FindPackageHandleStandardArgs.cmake:230 (message):
[3.332s]   Could NOT find ORB_SLAM3 (missing: ORB_SLAM3_LIBRARY ORB_SLAM3_INCLUDE_DIR
[3.332s]   DBoW2_INCLUDE_DIR DBoW2_LIBRARY g2o_LIBRARY)
[3.332s] Call Stack (most recent call first):
[3.332s]   /usr/share/cmake-3.22/Modules/FindPackageHandleStandardArgs.cmake:594 (_FPHSA_FAILURE_MESSAGE)
[3.332s]   CMakeModules/FindORB_SLAM3.cmake:37 (find_package_handle_standard_args)
[3.332s]   CMakeLists.txt:29 (find_package)
[3.332s] 
[3.333s] [0m
[3.333s] -- Configuring incomplete, errors occurred!
[3.333s] See also "/home/bojan/orb_slam3_ros2/build/orbslam3/CMakeFiles/CMakeOutput.log".
[3.346s] Invoked command in '/home/bojan/orb_slam3_ros2/build/orbslam3' returned '1': CMAKE_PREFIX_PATH=/opt/ros/humble /usr/bin/cmake /home/bojan/orb_slam3_ros2 -DAMENT_CMAKE_SYMLINK_INSTALL=1 -DCMAKE_INSTALL_PREFIX=/home/bojan/orb_slam3_ros2/install/orbslam3
